<?xml version="1.0" encoding="UTF-8"?>
<testng-results ignored="0" total="1" passed="1" failed="0" skipped="0">
  <reporter-output>
  </reporter-output>
  <suite started-at="2023-05-22T22:41:39 IST" name="Surefire suite" finished-at="2023-05-22T22:41:48 IST" duration-ms="8892">
    <groups>
    </groups>
    <test started-at="2023-05-22T22:41:39 IST" name="Surefire test" finished-at="2023-05-22T22:41:48 IST" duration-ms="8892">
      <class name="org.jenkin.SampleTest">
        <test-method signature="tc01()[pri:0, instance:org.jenkin.SampleTest@24fcf36f]" started-at="2023-05-22T22:41:39 IST" name="tc01" finished-at="2023-05-22T22:41:48 IST" duration-ms="8826" status="PASS">
          <reporter-output>
          </reporter-output>
        </test-method> <!-- tc01 -->
      </class> <!-- org.jenkin.SampleTest -->
    </test> <!-- Surefire test -->
  </suite> <!-- Surefire suite -->
</testng-results>
